<?xml version="1.0" encoding="UTF-8"?>
<!-- Generated by org.testng.reporters.JUnitXMLReporter -->
<testsuite hostname="SIPL-39" ignored="0" name="Command line test" tests="2" failures="2" timestamp="17 Apr 2019 05:34:21 GMT" time="0.046" errors="0">
  <testcase name="validatingArtifacts" time="0.0" classname="com.sofq.Test.Artifacts_Test">
    <failure type="org.testng.TestNGException" message="
Parameter &amp;apos;browserType&amp;apos; is required by @Test on method validatingArtifacts but has not been marked @Optional or defined
">
      <![CDATA[org.testng.TestNGException: 
Parameter 'browserType' is required by @Test on method validatingArtifacts but has not been marked @Optional or defined

... Removed 33 stack frames]]>
    </failure>
  </testcase> <!-- validatingArtifacts -->
  <testcase name="Login" time="0.0" classname="com.sofq.Test.manage_user_roles_Test">
    <failure type="org.testng.TestNGException" message="
Parameter &amp;apos;browserType&amp;apos; is required by @Test on method Login but has not been marked @Optional or defined
">
      <![CDATA[org.testng.TestNGException: 
Parameter 'browserType' is required by @Test on method Login but has not been marked @Optional or defined

... Removed 33 stack frames]]>
    </failure>
  </testcase> <!-- Login -->
</testsuite> <!-- Command line test -->
